<?xml version="1.0" encoding="UTF-8"?>
<!-- Generated by org.testng.reporters.JUnitReportReporter -->
<testsuite hostname="DESKTOP-SALM10G" failures="0" tests="1" name="Samplebaseproject.Roqay.SearchTest" time="17.429" errors="0" timestamp="2022-03-21T13:54:29 EET" skipped="0">
  <testcase classname="Samplebaseproject.Roqay.SearchTest" name="search" time="17.429"/>
  <system-out/>
</testsuite> <!-- Samplebaseproject.Roqay.SearchTest -->
